<?xml version="1.0" encoding="UTF-8"?>
<testng-results ignored="0" total="2" passed="1" failed="1" skipped="0">
  <reporter-output>
  </reporter-output>
  <suite started-at="2025-01-31T00:01:44 IST" name="All Test Suite" finished-at="2025-01-31T00:02:00 IST" duration-ms="15884">
    <groups>
      <group name="Master">
        <method signature="TC_001_registeraccount.test()[pri:0, instance:testCases.TC_001_registeraccount@7fc6de5b]" name="test" class="testCases.TC_001_registeraccount"/>
        <method signature="TC_002_logintest.login()[pri:0, instance:testCases.TC_002_logintest@73163d48]" name="login" class="testCases.TC_002_logintest"/>
      </group> <!-- Master -->
      <group name="Sanity">
        <method signature="TC_001_registeraccount.test()[pri:0, instance:testCases.TC_001_registeraccount@7fc6de5b]" name="test" class="testCases.TC_001_registeraccount"/>
      </group> <!-- Sanity -->
      <group name="Regression">
        <method signature="TC_002_logintest.login()[pri:0, instance:testCases.TC_002_logintest@73163d48]" name="login" class="testCases.TC_002_logintest"/>
      </group> <!-- Regression -->
    </groups>
    <test started-at="2025-01-31T00:01:44 IST" name="firefox-test" finished-at="2025-01-31T00:02:00 IST" duration-ms="15884">
      <class name="testCases.TC_002_logintest">
        <test-method is-config="true" signature="setup(java.lang.String,java.lang.String)[pri:0, instance:testCases.TC_002_logintest@73163d48]" started-at="2025-01-31T00:01:56 IST" name="setup" finished-at="2025-01-31T00:01:58 IST" duration-ms="2537" status="PASS">
          <params>
            <param index="0">
              <value>
                <![CDATA[windows]]>
              </value>
            </param>
            <param index="1">
              <value>
                <![CDATA[chrome]]>
              </value>
            </param>
          </params>
          <reporter-output>
          </reporter-output>
        </test-method> <!-- setup -->
        <test-method signature="login()[pri:0, instance:testCases.TC_002_logintest@73163d48]" started-at="2025-01-31T00:01:58 IST" name="login" finished-at="2025-01-31T00:02:00 IST" duration-ms="1685" status="PASS">
          <reporter-output>
          </reporter-output>
        </test-method> <!-- login -->
        <test-method is-config="true" signature="close()[pri:0, instance:testCases.TC_002_logintest@73163d48]" started-at="2025-01-31T00:02:00 IST" name="close" finished-at="2025-01-31T00:02:00 IST" duration-ms="321" status="PASS">
          <reporter-output>
          </reporter-output>
        </test-method> <!-- close -->
      </class> <!-- testCases.TC_002_logintest -->
      <class name="testCases.TC_001_registeraccount">
        <test-method is-config="true" signature="setup(java.lang.String,java.lang.String)[pri:0, instance:testCases.TC_001_registeraccount@7fc6de5b]" started-at="2025-01-31T00:01:45 IST" name="setup" finished-at="2025-01-31T00:01:48 IST" duration-ms="3745" status="PASS">
          <params>
            <param index="0">
              <value>
                <![CDATA[windows]]>
              </value>
            </param>
            <param index="1">
              <value>
                <![CDATA[chrome]]>
              </value>
            </param>
          </params>
          <reporter-output>
          </reporter-output>
        </test-method> <!-- setup -->
        <test-method signature="test()[pri:0, instance:testCases.TC_001_registeraccount@7fc6de5b]" started-at="2025-01-31T00:01:48 IST" name="test" finished-at="2025-01-31T00:01:55 IST" duration-ms="6884" status="FAIL">
          <exception class="java.lang.AssertionError">
            <message>
              <![CDATA[expected [true] but found [false]]]>
            </message>
            <full-stacktrace>
              <![CDATA[java.lang.AssertionError: expected [true] but found [false]
at org.testng.Assert.fail(Assert.java:111)
at org.testng.Assert.failNotEquals(Assert.java:1578)
at org.testng.Assert.assertTrue(Assert.java:57)
at org.testng.Assert.assertTrue(Assert.java:67)
at testCases.TC_001_registeraccount.test(TC_001_registeraccount.java:52)
at java.base/jdk.internal.reflect.DirectMethodHandleAccessor.invoke(DirectMethodHandleAccessor.java:103)
at java.base/java.lang.reflect.Method.invoke(Method.java:580)
at org.testng.internal.invokers.MethodInvocationHelper.invokeMethod(MethodInvocationHelper.java:141)
at org.testng.internal.invokers.TestInvoker.invokeMethod(TestInvoker.java:686)
at org.testng.internal.invokers.TestInvoker.invokeTestMethod(TestInvoker.java:230)
at org.testng.internal.invokers.MethodRunner.runInSequence(MethodRunner.java:63)
at org.testng.internal.invokers.TestInvoker$MethodInvocationAgent.invoke(TestInvoker.java:992)
at org.testng.internal.invokers.TestInvoker.invokeTestMethods(TestInvoker.java:203)
at org.testng.internal.invokers.TestMethodWorker.invokeTestMethods(TestMethodWorker.java:154)
at org.testng.internal.invokers.TestMethodWorker.run(TestMethodWorker.java:134)
at java.base/java.util.ArrayList.forEach(ArrayList.java:1597)
at org.testng.TestRunner.privateRun(TestRunner.java:739)
at org.testng.TestRunner.run(TestRunner.java:614)
at org.testng.SuiteRunner.runTest(SuiteRunner.java:421)
at org.testng.SuiteRunner$SuiteWorker.run(SuiteRunner.java:463)
at org.testng.internal.thread.ThreadUtil.lambda$execute$0(ThreadUtil.java:64)
at java.base/java.util.concurrent.FutureTask.run$$$capture(FutureTask.java:317)
at java.base/java.util.concurrent.FutureTask.run(FutureTask.java)
at --- Async.Stack.Trace --- (captured by IntelliJ IDEA debugger)
at java.base/java.util.concurrent.FutureTask.<init>(FutureTask.java:132)
at java.base/java.util.concurrent.AbstractExecutorService.newTaskFor(AbstractExecutorService.java:113)
at java.base/java.util.concurrent.AbstractExecutorService.invokeAll(AbstractExecutorService.java:305)
at org.testng.internal.thread.ThreadUtil.execute(ThreadUtil.java:70)
at org.testng.SuiteRunner.runInParallelTestMode(SuiteRunner.java:442)
at org.testng.SuiteRunner.privateRun(SuiteRunner.java:371)
at org.testng.SuiteRunner.run(SuiteRunner.java:312)
at org.testng.SuiteRunnerWorker.runSuite(SuiteRunnerWorker.java:52)
at org.testng.SuiteRunnerWorker.run(SuiteRunnerWorker.java:95)
at org.testng.TestNG.runSuitesSequentially(TestNG.java:1274)
at org.testng.TestNG.runSuitesLocally(TestNG.java:1208)
at org.testng.TestNG.runSuites(TestNG.java:1112)
at org.testng.TestNG.run(TestNG.java:1079)
at com.intellij.rt.testng.IDEARemoteTestNG.run(IDEARemoteTestNG.java:65)
at com.intellij.rt.testng.RemoteTestNGStarter.main(RemoteTestNGStarter.java:105)
]]>
            </full-stacktrace>
          </exception> <!-- java.lang.AssertionError -->
          <reporter-output>
          </reporter-output>
        </test-method> <!-- test -->
        <test-method is-config="true" signature="close()[pri:0, instance:testCases.TC_001_registeraccount@7fc6de5b]" started-at="2025-01-31T00:01:55 IST" name="close" finished-at="2025-01-31T00:01:56 IST" duration-ms="305" status="PASS">
          <reporter-output>
          </reporter-output>
        </test-method> <!-- close -->
        <test-method is-config="true" signature="sendEmail()[pri:0, instance:testCases.TC_001_registeraccount@7fc6de5b]" started-at="2025-01-31T00:02:08 IST" name="sendEmail" finished-at="2025-01-31T00:02:08 IST" duration-ms="1" status="PASS">
          <reporter-output>
          </reporter-output>
        </test-method> <!-- sendEmail -->
      </class> <!-- testCases.TC_001_registeraccount -->
    </test> <!-- firefox-test -->
  </suite> <!-- All Test Suite -->
</testng-results>
